EARLY: module import reached
EARLY: sys.executable=D:\Projects\mcp_fin\.venv\Scripts\python.exe
EARLY: argv=['D:\\Projects\\mcp_fin\\mcp_fin\\hello_server.py']
INFO: hello: logging initialized
2025-08-24 15:03:43,342 [INFO] mcp_fin.hello_server: hello: main_entry entered
2025-08-24 15:03:43,343 [INFO] mcp_fin.hello_server: hello: entering async main
2025-08-24 15:03:43,344 [INFO] mcp_fin.hello_server: hello: _async_main entered
2025-08-24 15:03:43,344 [INFO] mcp_fin.hello_server: hello: starting stdio transport
2025-08-24 15:03:43,344 [INFO] mcp_fin.hello_server: hello: stdin type=<class '_io.TextIOWrapper'>, stdin.buffer type=<class '_io.BufferedReader'>
2025-08-24 15:03:43,345 [INFO] mcp_fin.hello_server: hello: stdout type=<class '_io.TextIOWrapper'>, stdout.buffer type=<class '_io.FileIO'>
2025-08-24 15:03:43,355 [INFO] mcp_fin.hello_server: hello: stdio connected
2025-08-24 15:03:43,356 [INFO] mcp_fin.hello_server: hello: launching app.run
2025-08-24 15:03:43,356 [INFO] mcp_fin.hello_server: hello: DIAG_BLOCK waiting before app.run (up to 20s)
2025-08-24 15:04:03,368 [INFO] mcp_fin.hello_server: hello: DIAG_BLOCK timeout reached; continuing to app.run
2025-08-24 15:04:03,368 [INFO] mcp_fin.hello_server: hello: about to call app.run with streams
2025-08-24 15:04:03,369 [WARNING] root: Failed to validate request: 'dict' object has no attribute 'capabilities'
EARLY: module import reached
EARLY: sys.executable=D:\Projects\mcp_fin\.venv\Scripts\python.exe
EARLY: argv=['D:\\Projects\\mcp_fin\\mcp_fin\\hello_server.py']
INFO: hello: logging initialized
2025-08-24 15:53:46,732 [INFO] mcp_fin.hello_server: hello: main_entry entered
2025-08-24 15:53:46,732 [INFO] mcp_fin.hello_server: hello: entering async main
2025-08-24 15:53:46,734 [INFO] mcp_fin.hello_server: hello: _async_main entered
2025-08-24 15:53:46,734 [INFO] mcp_fin.hello_server: hello: starting stdio transport
2025-08-24 15:53:46,734 [INFO] mcp_fin.hello_server: hello: stdin type=<class '_io.TextIOWrapper'>, stdin.buffer type=<class '_io.BufferedReader'>
2025-08-24 15:53:46,734 [INFO] mcp_fin.hello_server: hello: stdout type=<class '_io.TextIOWrapper'>, stdout.buffer type=<class '_io.FileIO'>
2025-08-24 15:53:46,748 [INFO] mcp_fin.hello_server: hello: stdio connected
2025-08-24 15:53:46,748 [INFO] mcp_fin.hello_server: hello: launching app.run
2025-08-24 15:53:46,748 [INFO] mcp_fin.hello_server: hello: DIAG_BLOCK waiting before app.run (up to 20s)
2025-08-24 15:54:06,749 [INFO] mcp_fin.hello_server: hello: DIAG_BLOCK timeout reached; continuing to app.run
2025-08-24 15:54:06,749 [INFO] mcp_fin.hello_server: hello: about to call app.run with streams
2025-08-24 15:54:06,750 [WARNING] root: Failed to validate request: 'dict' object has no attribute 'capabilities'
EARLY: module import reached
EARLY: sys.executable=D:\Projects\mcp_fin\.venv\Scripts\python.exe
EARLY: argv=['D:\\Projects\\mcp_fin\\mcp_fin\\hello_server.py']
INFO: hello: logging initialized
2025-08-24 17:08:55,964 [INFO] mcp_fin.hello_server: hello: main_entry entered
2025-08-24 17:08:55,965 [INFO] mcp_fin.hello_server: hello: entering async main
2025-08-24 17:08:55,968 [INFO] mcp_fin.hello_server: hello: _async_main entered
2025-08-24 17:08:55,969 [INFO] mcp_fin.hello_server: hello: starting stdio transport
2025-08-24 17:08:55,969 [INFO] mcp_fin.hello_server: hello: stdin type=<class '_io.TextIOWrapper'>, stdin.buffer type=<class '_io.BufferedReader'>
2025-08-24 17:08:55,969 [INFO] mcp_fin.hello_server: hello: stdout type=<class '_io.TextIOWrapper'>, stdout.buffer type=<class '_io.FileIO'>
2025-08-24 17:08:55,998 [INFO] mcp_fin.hello_server: hello: stdio connected
2025-08-24 17:08:55,998 [INFO] mcp_fin.hello_server: hello: launching app.run
2025-08-24 17:08:55,999 [INFO] mcp_fin.hello_server: hello: DIAG_BLOCK waiting before app.run (up to 20s)
2025-08-24 17:09:16,001 [INFO] mcp_fin.hello_server: hello: DIAG_BLOCK timeout reached; continuing to app.run
2025-08-24 17:09:16,001 [INFO] mcp_fin.hello_server: hello: about to call app.run with streams
2025-08-24 17:09:16,002 [WARNING] root: Failed to validate request: 'dict' object has no attribute 'capabilities'
EARLY: module import reached
EARLY: sys.executable=D:\Projects\mcp_fin\.venv\Scripts\python.exe
EARLY: argv=['D:\\Projects\\mcp_fin\\mcp_fin\\hello_server.py']
INFO: hello: logging initialized
2025-08-24 17:30:09,403 [INFO] mcp_fin.hello_server: hello: main_entry entered
2025-08-24 17:30:09,403 [INFO] mcp_fin.hello_server: hello: entering async main
2025-08-24 17:30:09,404 [INFO] mcp_fin.hello_server: hello: _async_main entered
2025-08-24 17:30:09,405 [INFO] mcp_fin.hello_server: hello: starting stdio transport
2025-08-24 17:30:09,405 [INFO] mcp_fin.hello_server: hello: stdin type=<class '_io.TextIOWrapper'>, stdin.buffer type=<class '_io.BufferedReader'>
2025-08-24 17:30:09,405 [INFO] mcp_fin.hello_server: hello: stdout type=<class '_io.TextIOWrapper'>, stdout.buffer type=<class '_io.FileIO'>
2025-08-24 17:30:09,441 [INFO] mcp_fin.hello_server: hello: stdio connected
2025-08-24 17:30:09,441 [INFO] mcp_fin.hello_server: hello: launching app.run
2025-08-24 17:30:09,441 [INFO] mcp_fin.hello_server: hello: DIAG_BLOCK waiting before app.run (up to 20s)
2025-08-24 17:30:29,444 [INFO] mcp_fin.hello_server: hello: DIAG_BLOCK timeout reached; continuing to app.run
2025-08-24 17:30:29,444 [INFO] mcp_fin.hello_server: hello: about to call app.run with streams
2025-08-24 17:30:29,445 [WARNING] root: Failed to validate request: 'dict' object has no attribute 'capabilities'
